<?xml version="1.0" encoding="UTF-8"?>
<!-- Generated by org.testng.reporters.JUnitReportReporter -->
<testsuite skipped="0" hostname="M7-DX-631ZQG2" name="Test.TestNG" tests="1" failures="0" timestamp="12 Feb 2020 10:17:21 GMT" time="0.010" errors="0">
  <testcase name="f" time="0.010" classname="Test.TestNG"/>
</testsuite> <!-- Test.TestNG -->
